09-Aug-2019 15:28:13.011 信息 [main] org.apache.catalina.startup.VersionLoggerListener.log Server.服务器版本:        Apache Tomcat/9.0.20
09-Aug-2019 15:28:13.018 信息 [main] org.apache.catalina.startup.VersionLoggerListener.log Server.构建:          May 3 2019 22:26:00 UTC
09-Aug-2019 15:28:13.018 信息 [main] org.apache.catalina.startup.VersionLoggerListener.log Server version number: 9.0.20.0
09-Aug-2019 15:28:13.019 信息 [main] org.apache.catalina.startup.VersionLoggerListener.log OS Name:               Mac OS X
09-Aug-2019 15:28:13.019 信息 [main] org.apache.catalina.startup.VersionLoggerListener.log OS.版本:            10.14.4
09-Aug-2019 15:28:13.019 信息 [main] org.apache.catalina.startup.VersionLoggerListener.log 结.造:          x86_64
09-Aug-2019 15:28:13.019 信息 [main] org.apache.catalina.startup.VersionLoggerListener.log Java 环境变量:             /Library/Java/JavaVirtualMachines/jdk1.8.0_102.jdk/Contents/Home/jre
09-Aug-2019 15:28:13.019 信息 [main] org.apache.catalina.startup.VersionLoggerListener.log JVM 版本:           1.8.0_102-b14
09-Aug-2019 15:28:13.019 信息 [main] org.apache.catalina.startup.VersionLoggerListener.log JVM.供应商:            Oracle Corporation
09-Aug-2019 15:28:13.020 信息 [main] org.apache.catalina.startup.VersionLoggerListener.log CATALINA_BASE:         /Users/lujunjie/Desktop/apache-tomcat-9.0.20
09-Aug-2019 15:28:13.020 信息 [main] org.apache.catalina.startup.VersionLoggerListener.log CATALINA_HOME:         /Users/lujunjie/Desktop/apache-tomcat-9.0.20
09-Aug-2019 15:28:13.028 信息 [main] org.apache.catalina.startup.VersionLoggerListener.log Command line argument: -Djava.util.logging.config.file=/Users/lujunjie/Desktop/apache-tomcat-9.0.20/conf/logging.properties
09-Aug-2019 15:28:13.029 信息 [main] org.apache.catalina.startup.VersionLoggerListener.log Command line argument: -Djava.util.logging.manager=org.apache.juli.ClassLoaderLogManager
09-Aug-2019 15:28:13.029 信息 [main] org.apache.catalina.startup.VersionLoggerListener.log Command line argument: -Djdk.tls.ephemeralDHKeySize=2048
09-Aug-2019 15:28:13.029 信息 [main] org.apache.catalina.startup.VersionLoggerListener.log Command line argument: -Djava.protocol.handler.pkgs=org.apache.catalina.webresources
09-Aug-2019 15:28:13.029 信息 [main] org.apache.catalina.startup.VersionLoggerListener.log Command line argument: -Dorg.apache.catalina.security.SecurityListener.UMASK=0027
09-Aug-2019 15:28:13.029 信息 [main] org.apache.catalina.startup.VersionLoggerListener.log Command line argument: -Dignore.endorsed.dirs=
09-Aug-2019 15:28:13.030 信息 [main] org.apache.catalina.startup.VersionLoggerListener.log Command line argument: -Dcatalina.base=/Users/lujunjie/Desktop/apache-tomcat-9.0.20
09-Aug-2019 15:28:13.030 信息 [main] org.apache.catalina.startup.VersionLoggerListener.log Command line argument: -Dcatalina.home=/Users/lujunjie/Desktop/apache-tomcat-9.0.20
09-Aug-2019 15:28:13.030 信息 [main] org.apache.catalina.startup.VersionLoggerListener.log Command line argument: -Djava.io.tmpdir=/Users/lujunjie/Desktop/apache-tomcat-9.0.20/temp
09-Aug-2019 15:28:13.030 信息 [main] org.apache.catalina.core.AprLifecycleListener.lifecycleEvent The APR based Apache Tomcat Native library which allows optimal performance in production environments was not found on the java.library.path: [/Users/lujunjie/Library/Java/Extensions:/Library/Java/Extensions:/Network/Library/Java/Extensions:/System/Library/Java/Extensions:/usr/lib/java:.]
09-Aug-2019 15:28:13.574 信息 [main] org.apache.coyote.AbstractProtocol.init 初始化协议处理器 ["http-nio-8080"]
09-Aug-2019 15:28:13.640 信息 [main] org.apache.coyote.AbstractProtocol.init 初始化协议处理器 ["ajp-nio-8009"]
09-Aug-2019 15:28:13.648 信息 [main] org.apache.catalina.startup.Catalina.load 服务器在[983]毫秒内初始化
09-Aug-2019 15:28:13.697 信息 [main] org.apache.catalina.core.StandardService.startInternal Starting service [Catalina]
09-Aug-2019 15:28:13.697 信息 [main] org.apache.catalina.core.StandardEngine.startInternal Starting Servlet engine: [Apache Tomcat/9.0.20]
09-Aug-2019 15:28:15.761 信息 [main] org.apache.jasper.servlet.TldScanner.scanJars 至少有一个JAR被扫描用于TLD但尚未包含TLD。 为此记录器启用调试日志记录，以获取已扫描但未在其中找到TLD的完整JAR列表。 在扫描期间跳过不需要的JAR可以缩短启动时间和JSP编译时间。
09-Aug-2019 15:28:17.023 信息 [main] org.apache.catalina.startup.HostConfig.deployDirectory 把web 应用程序部署到目录 [/Users/lujunjie/Desktop/apache-tomcat-9.0.20/webapps/docs]
09-Aug-2019 15:28:17.044 信息 [main] org.apache.catalina.startup.HostConfig.deployDirectory Deployment of web application directory [/Users/lujunjie/Desktop/apache-tomcat-9.0.20/webapps/docs] has finished in [20] ms
09-Aug-2019 15:28:17.044 信息 [main] org.apache.catalina.startup.HostConfig.deployDirectory 把web 应用程序部署到目录 [/Users/lujunjie/Desktop/apache-tomcat-9.0.20/webapps/manager]
09-Aug-2019 15:28:17.091 信息 [main] org.apache.catalina.startup.HostConfig.deployDirectory Deployment of web application directory [/Users/lujunjie/Desktop/apache-tomcat-9.0.20/webapps/manager] has finished in [46] ms
09-Aug-2019 15:28:17.091 信息 [main] org.apache.catalina.startup.HostConfig.deployDirectory 把web 应用程序部署到目录 [/Users/lujunjie/Desktop/apache-tomcat-9.0.20/webapps/examples]
09-Aug-2019 15:28:17.372 信息 [main] org.apache.catalina.startup.HostConfig.deployDirectory Deployment of web application directory [/Users/lujunjie/Desktop/apache-tomcat-9.0.20/webapps/examples] has finished in [281] ms
09-Aug-2019 15:28:17.372 信息 [main] org.apache.catalina.startup.HostConfig.deployDirectory 把web 应用程序部署到目录 [/Users/lujunjie/Desktop/apache-tomcat-9.0.20/webapps/ROOT]
09-Aug-2019 15:28:17.391 信息 [main] org.apache.catalina.startup.HostConfig.deployDirectory Deployment of web application directory [/Users/lujunjie/Desktop/apache-tomcat-9.0.20/webapps/ROOT] has finished in [19] ms
09-Aug-2019 15:28:17.392 信息 [main] org.apache.catalina.startup.HostConfig.deployDirectory 把web 应用程序部署到目录 [/Users/lujunjie/Desktop/apache-tomcat-9.0.20/webapps/host-manager]
09-Aug-2019 15:28:17.418 信息 [main] org.apache.catalina.startup.HostConfig.deployDirectory Deployment of web application directory [/Users/lujunjie/Desktop/apache-tomcat-9.0.20/webapps/host-manager] has finished in [25] ms
09-Aug-2019 15:28:17.421 信息 [main] org.apache.coyote.AbstractProtocol.start 开始协议处理句柄["http-nio-8080"]
09-Aug-2019 15:28:17.433 信息 [main] org.apache.coyote.AbstractProtocol.start 开始协议处理句柄["ajp-nio-8009"]
09-Aug-2019 15:28:17.441 信息 [main] org.apache.catalina.startup.Catalina.start Server startup in [3,792] milliseconds
