14-Sep-2019 00:00:12.610 信息 [main] org.apache.catalina.startup.VersionLoggerListener.log Server.服务器版本:        Apache Tomcat/9.0.20
14-Sep-2019 00:00:12.614 信息 [main] org.apache.catalina.startup.VersionLoggerListener.log Server.构建:          May 3 2019 22:26:00 UTC
14-Sep-2019 00:00:12.614 信息 [main] org.apache.catalina.startup.VersionLoggerListener.log Server version number: 9.0.20.0
14-Sep-2019 00:00:12.614 信息 [main] org.apache.catalina.startup.VersionLoggerListener.log OS Name:               Mac OS X
14-Sep-2019 00:00:12.614 信息 [main] org.apache.catalina.startup.VersionLoggerListener.log OS.版本:            10.14.4
14-Sep-2019 00:00:12.614 信息 [main] org.apache.catalina.startup.VersionLoggerListener.log 结.造:          x86_64
14-Sep-2019 00:00:12.614 信息 [main] org.apache.catalina.startup.VersionLoggerListener.log Java 环境变量:             /Library/Java/JavaVirtualMachines/jdk1.8.0_102.jdk/Contents/Home/jre
14-Sep-2019 00:00:12.615 信息 [main] org.apache.catalina.startup.VersionLoggerListener.log JVM 版本:           1.8.0_102-b14
14-Sep-2019 00:00:12.615 信息 [main] org.apache.catalina.startup.VersionLoggerListener.log JVM.供应商:            Oracle Corporation
14-Sep-2019 00:00:12.615 信息 [main] org.apache.catalina.startup.VersionLoggerListener.log CATALINA_BASE:         /Users/lujunjie/Desktop/apache-tomcat-9.0.20
14-Sep-2019 00:00:12.615 信息 [main] org.apache.catalina.startup.VersionLoggerListener.log CATALINA_HOME:         /Users/lujunjie/Desktop/apache-tomcat-9.0.20
14-Sep-2019 00:00:12.620 信息 [main] org.apache.catalina.startup.VersionLoggerListener.log Command line argument: -Djava.util.logging.config.file=/Users/lujunjie/Desktop/apache-tomcat-9.0.20/conf/logging.properties
14-Sep-2019 00:00:12.620 信息 [main] org.apache.catalina.startup.VersionLoggerListener.log Command line argument: -Djava.util.logging.manager=org.apache.juli.ClassLoaderLogManager
14-Sep-2019 00:00:12.620 信息 [main] org.apache.catalina.startup.VersionLoggerListener.log Command line argument: -Djdk.tls.ephemeralDHKeySize=2048
14-Sep-2019 00:00:12.620 信息 [main] org.apache.catalina.startup.VersionLoggerListener.log Command line argument: -Djava.protocol.handler.pkgs=org.apache.catalina.webresources
14-Sep-2019 00:00:12.620 信息 [main] org.apache.catalina.startup.VersionLoggerListener.log Command line argument: -Dorg.apache.catalina.security.SecurityListener.UMASK=0027
14-Sep-2019 00:00:12.620 信息 [main] org.apache.catalina.startup.VersionLoggerListener.log Command line argument: -Dignore.endorsed.dirs=
14-Sep-2019 00:00:12.620 信息 [main] org.apache.catalina.startup.VersionLoggerListener.log Command line argument: -Dcatalina.base=/Users/lujunjie/Desktop/apache-tomcat-9.0.20
14-Sep-2019 00:00:12.620 信息 [main] org.apache.catalina.startup.VersionLoggerListener.log Command line argument: -Dcatalina.home=/Users/lujunjie/Desktop/apache-tomcat-9.0.20
14-Sep-2019 00:00:12.621 信息 [main] org.apache.catalina.startup.VersionLoggerListener.log Command line argument: -Djava.io.tmpdir=/Users/lujunjie/Desktop/apache-tomcat-9.0.20/temp
14-Sep-2019 00:00:12.621 信息 [main] org.apache.catalina.core.AprLifecycleListener.lifecycleEvent The APR based Apache Tomcat Native library which allows optimal performance in production environments was not found on the java.library.path: [/Users/lujunjie/Library/Java/Extensions:/Library/Java/Extensions:/Network/Library/Java/Extensions:/System/Library/Java/Extensions:/usr/lib/java:.]
14-Sep-2019 00:00:12.951 信息 [main] org.apache.coyote.AbstractProtocol.init 初始化协议处理器 ["http-nio-8080"]
14-Sep-2019 00:00:12.981 严重 [main] org.apache.catalina.util.LifecycleBase.handleSubClassException 初始化组件[Connector[HTTP/1.1-8080]]失败。
	org.apache.catalina.LifecycleException: Protocol handler initialization failed
		at org.apache.catalina.connector.Connector.initInternal(Connector.java:983)
		at org.apache.catalina.util.LifecycleBase.init(LifecycleBase.java:136)
		at org.apache.catalina.core.StandardService.initInternal(StandardService.java:533)
		at org.apache.catalina.util.LifecycleBase.init(LifecycleBase.java:136)
		at org.apache.catalina.core.StandardServer.initInternal(StandardServer.java:1059)
		at org.apache.catalina.util.LifecycleBase.init(LifecycleBase.java:136)
		at org.apache.catalina.startup.Catalina.load(Catalina.java:584)
		at org.apache.catalina.startup.Catalina.load(Catalina.java:607)
		at sun.reflect.NativeMethodAccessorImpl.invoke0(Native Method)
		at sun.reflect.NativeMethodAccessorImpl.invoke(NativeMethodAccessorImpl.java:62)
		at sun.reflect.DelegatingMethodAccessorImpl.invoke(DelegatingMethodAccessorImpl.java:43)
		at java.lang.reflect.Method.invoke(Method.java:498)
		at org.apache.catalina.startup.Bootstrap.load(Bootstrap.java:304)
		at org.apache.catalina.startup.Bootstrap.main(Bootstrap.java:474)
	Caused by: java.net.BindException: Address already in use
		at sun.nio.ch.Net.bind0(Native Method)
		at sun.nio.ch.Net.bind(Net.java:433)
		at sun.nio.ch.Net.bind(Net.java:425)
		at sun.nio.ch.ServerSocketChannelImpl.bind(ServerSocketChannelImpl.java:223)
		at sun.nio.ch.ServerSocketAdaptor.bind(ServerSocketAdaptor.java:74)
		at org.apache.tomcat.util.net.NioEndpoint.initServerSocket(NioEndpoint.java:248)
		at org.apache.tomcat.util.net.NioEndpoint.bind(NioEndpoint.java:222)
		at org.apache.tomcat.util.net.AbstractEndpoint.bindWithCleanup(AbstractEndpoint.java:1119)
		at org.apache.tomcat.util.net.AbstractEndpoint.init(AbstractEndpoint.java:1132)
		at org.apache.coyote.AbstractProtocol.init(AbstractProtocol.java:557)
		at org.apache.coyote.http11.AbstractHttp11Protocol.init(AbstractHttp11Protocol.java:74)
		at org.apache.catalina.connector.Connector.initInternal(Connector.java:980)
		... 13 more
14-Sep-2019 00:00:12.982 信息 [main] org.apache.coyote.AbstractProtocol.init 初始化协议处理器 ["ajp-nio-8009"]
14-Sep-2019 00:00:12.984 严重 [main] org.apache.catalina.util.LifecycleBase.handleSubClassException 初始化组件[Connector[AJP/1.3-8009]]失败。
	org.apache.catalina.LifecycleException: Protocol handler initialization failed
		at org.apache.catalina.connector.Connector.initInternal(Connector.java:983)
		at org.apache.catalina.util.LifecycleBase.init(LifecycleBase.java:136)
		at org.apache.catalina.core.StandardService.initInternal(StandardService.java:533)
		at org.apache.catalina.util.LifecycleBase.init(LifecycleBase.java:136)
		at org.apache.catalina.core.StandardServer.initInternal(StandardServer.java:1059)
		at org.apache.catalina.util.LifecycleBase.init(LifecycleBase.java:136)
		at org.apache.catalina.startup.Catalina.load(Catalina.java:584)
		at org.apache.catalina.startup.Catalina.load(Catalina.java:607)
		at sun.reflect.NativeMethodAccessorImpl.invoke0(Native Method)
		at sun.reflect.NativeMethodAccessorImpl.invoke(NativeMethodAccessorImpl.java:62)
		at sun.reflect.DelegatingMethodAccessorImpl.invoke(DelegatingMethodAccessorImpl.java:43)
		at java.lang.reflect.Method.invoke(Method.java:498)
		at org.apache.catalina.startup.Bootstrap.load(Bootstrap.java:304)
		at org.apache.catalina.startup.Bootstrap.main(Bootstrap.java:474)
	Caused by: java.net.BindException: Address already in use
		at sun.nio.ch.Net.bind0(Native Method)
		at sun.nio.ch.Net.bind(Net.java:433)
		at sun.nio.ch.Net.bind(Net.java:425)
		at sun.nio.ch.ServerSocketChannelImpl.bind(ServerSocketChannelImpl.java:223)
		at sun.nio.ch.ServerSocketAdaptor.bind(ServerSocketAdaptor.java:74)
		at org.apache.tomcat.util.net.NioEndpoint.initServerSocket(NioEndpoint.java:248)
		at org.apache.tomcat.util.net.NioEndpoint.bind(NioEndpoint.java:222)
		at org.apache.tomcat.util.net.AbstractEndpoint.bindWithCleanup(AbstractEndpoint.java:1119)
		at org.apache.tomcat.util.net.AbstractEndpoint.init(AbstractEndpoint.java:1132)
		at org.apache.coyote.AbstractProtocol.init(AbstractProtocol.java:557)
		at org.apache.catalina.connector.Connector.initInternal(Connector.java:980)
		... 13 more
14-Sep-2019 00:00:12.997 信息 [main] org.apache.catalina.startup.Catalina.load 服务器在[629]毫秒内初始化
14-Sep-2019 00:00:13.026 信息 [main] org.apache.catalina.core.StandardService.startInternal Starting service [Catalina]
14-Sep-2019 00:00:13.027 信息 [main] org.apache.catalina.core.StandardEngine.startInternal Starting Servlet engine: [Apache Tomcat/9.0.20]
14-Sep-2019 00:00:14.629 信息 [main] org.apache.jasper.servlet.TldScanner.scanJars 至少有一个JAR被扫描用于TLD但尚未包含TLD。 为此记录器启用调试日志记录，以获取已扫描但未在其中找到TLD的完整JAR列表。 在扫描期间跳过不需要的JAR可以缩短启动时间和JSP编译时间。
14-Sep-2019 00:00:15.723 信息 [main] org.apache.catalina.startup.HostConfig.deployDirectory 把web 应用程序部署到目录 [/Users/lujunjie/Desktop/apache-tomcat-9.0.20/webapps/docs]
14-Sep-2019 00:00:15.747 信息 [main] org.apache.catalina.startup.HostConfig.deployDirectory Deployment of web application directory [/Users/lujunjie/Desktop/apache-tomcat-9.0.20/webapps/docs] has finished in [24] ms
14-Sep-2019 00:00:15.747 信息 [main] org.apache.catalina.startup.HostConfig.deployDirectory 把web 应用程序部署到目录 [/Users/lujunjie/Desktop/apache-tomcat-9.0.20/webapps/manager]
14-Sep-2019 00:00:15.783 信息 [main] org.apache.catalina.startup.HostConfig.deployDirectory Deployment of web application directory [/Users/lujunjie/Desktop/apache-tomcat-9.0.20/webapps/manager] has finished in [36] ms
14-Sep-2019 00:00:15.784 信息 [main] org.apache.catalina.startup.HostConfig.deployDirectory 把web 应用程序部署到目录 [/Users/lujunjie/Desktop/apache-tomcat-9.0.20/webapps/examples]
14-Sep-2019 00:00:16.025 信息 [main] org.apache.catalina.startup.HostConfig.deployDirectory Deployment of web application directory [/Users/lujunjie/Desktop/apache-tomcat-9.0.20/webapps/examples] has finished in [241] ms
14-Sep-2019 00:00:16.026 信息 [main] org.apache.catalina.startup.HostConfig.deployDirectory 把web 应用程序部署到目录 [/Users/lujunjie/Desktop/apache-tomcat-9.0.20/webapps/ROOT]
14-Sep-2019 00:00:16.044 信息 [main] org.apache.catalina.startup.HostConfig.deployDirectory Deployment of web application directory [/Users/lujunjie/Desktop/apache-tomcat-9.0.20/webapps/ROOT] has finished in [17] ms
14-Sep-2019 00:00:16.044 信息 [main] org.apache.catalina.startup.HostConfig.deployDirectory 把web 应用程序部署到目录 [/Users/lujunjie/Desktop/apache-tomcat-9.0.20/webapps/host-manager]
14-Sep-2019 00:00:16.070 信息 [main] org.apache.catalina.startup.HostConfig.deployDirectory Deployment of web application directory [/Users/lujunjie/Desktop/apache-tomcat-9.0.20/webapps/host-manager] has finished in [26] ms
14-Sep-2019 00:00:16.075 信息 [main] org.apache.catalina.startup.Catalina.start Server startup in [3,077] milliseconds
14-Sep-2019 00:00:16.082 严重 [main] org.apache.catalina.core.StandardServer.await Failed to create server shutdown socket on address [localhost] and port [8005] (base port [8005] and offset [0])
	java.net.BindException: Address already in use
		at java.net.PlainSocketImpl.socketBind(Native Method)
		at java.net.AbstractPlainSocketImpl.bind(AbstractPlainSocketImpl.java:387)
		at java.net.ServerSocket.bind(ServerSocket.java:375)
		at java.net.ServerSocket.<init>(ServerSocket.java:237)
		at org.apache.catalina.core.StandardServer.await(StandardServer.java:584)
		at org.apache.catalina.startup.Catalina.await(Catalina.java:721)
		at org.apache.catalina.startup.Catalina.start(Catalina.java:667)
		at sun.reflect.NativeMethodAccessorImpl.invoke0(Native Method)
		at sun.reflect.NativeMethodAccessorImpl.invoke(NativeMethodAccessorImpl.java:62)
		at sun.reflect.DelegatingMethodAccessorImpl.invoke(DelegatingMethodAccessorImpl.java:43)
		at java.lang.reflect.Method.invoke(Method.java:498)
		at org.apache.catalina.startup.Bootstrap.start(Bootstrap.java:344)
		at org.apache.catalina.startup.Bootstrap.main(Bootstrap.java:475)
14-Sep-2019 00:00:16.083 信息 [main] org.apache.coyote.AbstractProtocol.pause Pausing ProtocolHandler ["http-nio-8080"]
14-Sep-2019 00:00:16.083 信息 [main] org.apache.coyote.AbstractProtocol.pause Pausing ProtocolHandler ["ajp-nio-8009"]
14-Sep-2019 00:00:16.083 信息 [main] org.apache.catalina.core.StandardService.stopInternal Stopping service [Catalina]
14-Sep-2019 00:00:16.108 信息 [main] org.apache.coyote.AbstractProtocol.stop Stopping ProtocolHandler ["http-nio-8080"]
14-Sep-2019 00:00:16.109 信息 [main] org.apache.coyote.AbstractProtocol.destroy 正在摧毁协议处理器 ["http-nio-8080"]
14-Sep-2019 00:00:16.109 信息 [main] org.apache.coyote.AbstractProtocol.stop Stopping ProtocolHandler ["ajp-nio-8009"]
14-Sep-2019 00:00:16.109 信息 [main] org.apache.coyote.AbstractProtocol.destroy 正在摧毁协议处理器 ["ajp-nio-8009"]
14-Sep-2019 23:44:51.907 信息 [main] org.apache.catalina.core.StandardServer.await A valid shutdown command was received via the shutdown port. Stopping the Server instance.
14-Sep-2019 23:44:51.911 信息 [main] org.apache.coyote.AbstractProtocol.pause Pausing ProtocolHandler ["http-nio-8080"]
14-Sep-2019 23:44:51.924 信息 [main] org.apache.coyote.AbstractProtocol.pause Pausing ProtocolHandler ["ajp-nio-8009"]
14-Sep-2019 23:44:51.931 信息 [main] org.apache.catalina.core.StandardService.stopInternal Stopping service [Catalina]
14-Sep-2019 23:44:52.008 信息 [main] org.apache.coyote.AbstractProtocol.stop Stopping ProtocolHandler ["http-nio-8080"]
14-Sep-2019 23:44:52.014 信息 [main] org.apache.coyote.AbstractProtocol.stop Stopping ProtocolHandler ["ajp-nio-8009"]
14-Sep-2019 23:44:52.017 信息 [main] org.apache.coyote.AbstractProtocol.destroy 正在摧毁协议处理器 ["http-nio-8080"]
14-Sep-2019 23:44:52.018 信息 [main] org.apache.coyote.AbstractProtocol.destroy 正在摧毁协议处理器 ["ajp-nio-8009"]
14-Sep-2019 23:45:06.621 信息 [main] org.apache.catalina.startup.VersionLoggerListener.log Server.服务器版本:        Apache Tomcat/9.0.20
14-Sep-2019 23:45:06.627 信息 [main] org.apache.catalina.startup.VersionLoggerListener.log Server.构建:          May 3 2019 22:26:00 UTC
14-Sep-2019 23:45:06.627 信息 [main] org.apache.catalina.startup.VersionLoggerListener.log Server version number: 9.0.20.0
14-Sep-2019 23:45:06.627 信息 [main] org.apache.catalina.startup.VersionLoggerListener.log OS Name:               Mac OS X
14-Sep-2019 23:45:06.627 信息 [main] org.apache.catalina.startup.VersionLoggerListener.log OS.版本:            10.14.4
14-Sep-2019 23:45:06.627 信息 [main] org.apache.catalina.startup.VersionLoggerListener.log 结.造:          x86_64
14-Sep-2019 23:45:06.627 信息 [main] org.apache.catalina.startup.VersionLoggerListener.log Java 环境变量:             /Library/Java/JavaVirtualMachines/jdk1.8.0_102.jdk/Contents/Home/jre
14-Sep-2019 23:45:06.628 信息 [main] org.apache.catalina.startup.VersionLoggerListener.log JVM 版本:           1.8.0_102-b14
14-Sep-2019 23:45:06.628 信息 [main] org.apache.catalina.startup.VersionLoggerListener.log JVM.供应商:            Oracle Corporation
14-Sep-2019 23:45:06.628 信息 [main] org.apache.catalina.startup.VersionLoggerListener.log CATALINA_BASE:         /Users/lujunjie/Desktop/apache-tomcat-9.0.20
14-Sep-2019 23:45:06.628 信息 [main] org.apache.catalina.startup.VersionLoggerListener.log CATALINA_HOME:         /Users/lujunjie/Desktop/apache-tomcat-9.0.20
14-Sep-2019 23:45:06.636 信息 [main] org.apache.catalina.startup.VersionLoggerListener.log Command line argument: -Djava.util.logging.config.file=/Users/lujunjie/Desktop/apache-tomcat-9.0.20/conf/logging.properties
14-Sep-2019 23:45:06.636 信息 [main] org.apache.catalina.startup.VersionLoggerListener.log Command line argument: -Djava.util.logging.manager=org.apache.juli.ClassLoaderLogManager
14-Sep-2019 23:45:06.637 信息 [main] org.apache.catalina.startup.VersionLoggerListener.log Command line argument: -Djdk.tls.ephemeralDHKeySize=2048
14-Sep-2019 23:45:06.637 信息 [main] org.apache.catalina.startup.VersionLoggerListener.log Command line argument: -Djava.protocol.handler.pkgs=org.apache.catalina.webresources
14-Sep-2019 23:45:06.637 信息 [main] org.apache.catalina.startup.VersionLoggerListener.log Command line argument: -Dorg.apache.catalina.security.SecurityListener.UMASK=0027
14-Sep-2019 23:45:06.637 信息 [main] org.apache.catalina.startup.VersionLoggerListener.log Command line argument: -Dignore.endorsed.dirs=
14-Sep-2019 23:45:06.637 信息 [main] org.apache.catalina.startup.VersionLoggerListener.log Command line argument: -Dcatalina.base=/Users/lujunjie/Desktop/apache-tomcat-9.0.20
14-Sep-2019 23:45:06.637 信息 [main] org.apache.catalina.startup.VersionLoggerListener.log Command line argument: -Dcatalina.home=/Users/lujunjie/Desktop/apache-tomcat-9.0.20
14-Sep-2019 23:45:06.637 信息 [main] org.apache.catalina.startup.VersionLoggerListener.log Command line argument: -Djava.io.tmpdir=/Users/lujunjie/Desktop/apache-tomcat-9.0.20/temp
14-Sep-2019 23:45:06.637 信息 [main] org.apache.catalina.core.AprLifecycleListener.lifecycleEvent The APR based Apache Tomcat Native library which allows optimal performance in production environments was not found on the java.library.path: [/Users/lujunjie/Library/Java/Extensions:/Library/Java/Extensions:/Network/Library/Java/Extensions:/System/Library/Java/Extensions:/usr/lib/java:.]
14-Sep-2019 23:45:07.094 信息 [main] org.apache.coyote.AbstractProtocol.init 初始化协议处理器 ["http-nio-8080"]
14-Sep-2019 23:45:07.148 信息 [main] org.apache.coyote.AbstractProtocol.init 初始化协议处理器 ["ajp-nio-8009"]
14-Sep-2019 23:45:07.154 信息 [main] org.apache.catalina.startup.Catalina.load 服务器在[811]毫秒内初始化
14-Sep-2019 23:45:07.188 信息 [main] org.apache.catalina.core.StandardService.startInternal Starting service [Catalina]
14-Sep-2019 23:45:07.188 信息 [main] org.apache.catalina.core.StandardEngine.startInternal Starting Servlet engine: [Apache Tomcat/9.0.20]
14-Sep-2019 23:45:08.942 信息 [main] org.apache.jasper.servlet.TldScanner.scanJars 至少有一个JAR被扫描用于TLD但尚未包含TLD。 为此记录器启用调试日志记录，以获取已扫描但未在其中找到TLD的完整JAR列表。 在扫描期间跳过不需要的JAR可以缩短启动时间和JSP编译时间。
14-Sep-2019 23:45:10.359 信息 [main] org.apache.catalina.startup.HostConfig.deployDirectory 把web 应用程序部署到目录 [/Users/lujunjie/Desktop/apache-tomcat-9.0.20/webapps/docs]
14-Sep-2019 23:45:10.382 信息 [main] org.apache.catalina.startup.HostConfig.deployDirectory Deployment of web application directory [/Users/lujunjie/Desktop/apache-tomcat-9.0.20/webapps/docs] has finished in [22] ms
14-Sep-2019 23:45:10.382 信息 [main] org.apache.catalina.startup.HostConfig.deployDirectory 把web 应用程序部署到目录 [/Users/lujunjie/Desktop/apache-tomcat-9.0.20/webapps/manager]
14-Sep-2019 23:45:10.422 信息 [main] org.apache.catalina.startup.HostConfig.deployDirectory Deployment of web application directory [/Users/lujunjie/Desktop/apache-tomcat-9.0.20/webapps/manager] has finished in [40] ms
14-Sep-2019 23:45:10.422 信息 [main] org.apache.catalina.startup.HostConfig.deployDirectory 把web 应用程序部署到目录 [/Users/lujunjie/Desktop/apache-tomcat-9.0.20/webapps/examples]
14-Sep-2019 23:45:10.836 信息 [main] org.apache.catalina.startup.HostConfig.deployDirectory Deployment of web application directory [/Users/lujunjie/Desktop/apache-tomcat-9.0.20/webapps/examples] has finished in [414] ms
14-Sep-2019 23:45:10.838 信息 [main] org.apache.catalina.startup.HostConfig.deployDirectory 把web 应用程序部署到目录 [/Users/lujunjie/Desktop/apache-tomcat-9.0.20/webapps/ROOT]
14-Sep-2019 23:45:10.875 信息 [main] org.apache.catalina.startup.HostConfig.deployDirectory Deployment of web application directory [/Users/lujunjie/Desktop/apache-tomcat-9.0.20/webapps/ROOT] has finished in [38] ms
14-Sep-2019 23:45:10.876 信息 [main] org.apache.catalina.startup.HostConfig.deployDirectory 把web 应用程序部署到目录 [/Users/lujunjie/Desktop/apache-tomcat-9.0.20/webapps/host-manager]
14-Sep-2019 23:45:10.907 信息 [main] org.apache.catalina.startup.HostConfig.deployDirectory Deployment of web application directory [/Users/lujunjie/Desktop/apache-tomcat-9.0.20/webapps/host-manager] has finished in [32] ms
14-Sep-2019 23:45:10.913 信息 [main] org.apache.coyote.AbstractProtocol.start 开始协议处理句柄["http-nio-8080"]
14-Sep-2019 23:45:10.926 信息 [main] org.apache.coyote.AbstractProtocol.start 开始协议处理句柄["ajp-nio-8009"]
14-Sep-2019 23:45:10.932 信息 [main] org.apache.catalina.startup.Catalina.start Server startup in [3,777] milliseconds
